[debug] [2022-12-11T00:00:37.207Z] ----------------------------------------------------------------------
[debug] [2022-12-11T00:00:37.209Z] Command:       C:\Program Files\nodejs\node.exe C:\Users\Abdulsalam\AppData\Roaming\npm\node_modules\firebase-tools\lib\bin\firebase.js init functions
[debug] [2022-12-11T00:00:37.210Z] CLI Version:   11.17.0
[debug] [2022-12-11T00:00:37.210Z] Platform:      win32
[debug] [2022-12-11T00:00:37.210Z] Node Version:  v16.17.0
[debug] [2022-12-11T00:00:37.211Z] Time:          Sun Dec 11 2022 01:00:37 GMT+0100 (West Africa Standard Time)
[debug] [2022-12-11T00:00:37.211Z] ----------------------------------------------------------------------
[debug] 
[debug] [2022-12-11T00:00:37.220Z] > command requires scopes: ["email","openid","https://www.googleapis.com/auth/cloudplatformprojects.readonly","https://www.googleapis.com/auth/firebase","https://www.googleapis.com/auth/cloud-platform"]
[debug] [2022-12-11T00:00:37.220Z] > authorizing via signed-in user (abdulsalamaabdulsalam18@gmail.com)
[info] 
     ######## #### ########  ######## ########     ###     ######  ########
     ##        ##  ##     ## ##       ##     ##  ##   ##  ##       ##
     ######    ##  ########  ######   ########  #########  ######  ######
     ##        ##  ##    ##  ##       ##     ## ##     ##       ## ##
     ##       #### ##     ## ######## ########  ##     ##  ######  ########

You're about to initialize a Firebase project in this directory:

  C:\xampp\htdocs\btc-invest\asset\dashboard\js\components

Before we get started, keep in mind:

  * You are currently outside your home directory

[info] 
=== Project Setup
[info] 
[info] First, let's associate this project directory with a Firebase project.
[info] You can create multiple project aliases by running firebase use --add, 
[info] but for now we'll just set up a default project.
[info] 
[debug] [2022-12-11T00:01:05.698Z] >>> [apiv2][query] GET https://firebase.googleapis.com/v1beta1/projects pageSize=100
[debug] [2022-12-11T00:01:06.596Z] <<< [apiv2][status] GET https://firebase.googleapis.com/v1beta1/projects 200
[debug] [2022-12-11T00:01:06.596Z] <<< [apiv2][body] GET https://firebase.googleapis.com/v1beta1/projects [omitted]
[info] i  Using project past-quest (past-quest) 
[info] 
=== Functions Setup
[debug] [2022-12-11T00:01:17.614Z] > command requires scopes: ["email","openid","https://www.googleapis.com/auth/cloudplatformprojects.readonly","https://www.googleapis.com/auth/firebase","https://www.googleapis.com/auth/cloud-platform"]
[debug] [2022-12-11T00:01:17.615Z] > authorizing via signed-in user (abdulsalamaabdulsalam18@gmail.com)
[debug] [2022-12-11T00:01:17.615Z] [iam] checking project past-quest for permissions ["firebase.projects.get"]
[debug] [2022-12-11T00:01:17.617Z] >>> [apiv2][query] POST https://cloudresourcemanager.googleapis.com/v1/projects/past-quest:testIamPermissions [none]
[debug] [2022-12-11T00:01:17.617Z] >>> [apiv2][(partial)header] POST https://cloudresourcemanager.googleapis.com/v1/projects/past-quest:testIamPermissions x-goog-quota-user=projects/past-quest
[debug] [2022-12-11T00:01:17.617Z] >>> [apiv2][body] POST https://cloudresourcemanager.googleapis.com/v1/projects/past-quest:testIamPermissions {"permissions":["firebase.projects.get"]}
[debug] [2022-12-11T00:01:19.298Z] <<< [apiv2][status] POST https://cloudresourcemanager.googleapis.com/v1/projects/past-quest:testIamPermissions 200
[debug] [2022-12-11T00:01:19.298Z] <<< [apiv2][body] POST https://cloudresourcemanager.googleapis.com/v1/projects/past-quest:testIamPermissions {"permissions":["firebase.projects.get"]}
[debug] [2022-12-11T00:01:19.298Z] >>> [apiv2][query] GET https://serviceusage.googleapis.com/v1/projects/past-quest/services/cloudfunctions.googleapis.com [none]
[debug] [2022-12-11T00:01:19.298Z] >>> [apiv2][(partial)header] GET https://serviceusage.googleapis.com/v1/projects/past-quest/services/cloudfunctions.googleapis.com x-goog-quota-user=projects/past-quest
[debug] [2022-12-11T00:01:19.299Z] >>> [apiv2][query] GET https://serviceusage.googleapis.com/v1/projects/past-quest/services/runtimeconfig.googleapis.com [none]
[debug] [2022-12-11T00:01:19.300Z] >>> [apiv2][(partial)header] GET https://serviceusage.googleapis.com/v1/projects/past-quest/services/runtimeconfig.googleapis.com x-goog-quota-user=projects/past-quest
[debug] [2022-12-11T00:01:21.080Z] <<< [apiv2][status] GET https://serviceusage.googleapis.com/v1/projects/past-quest/services/runtimeconfig.googleapis.com 200
[debug] [2022-12-11T00:01:21.080Z] <<< [apiv2][body] GET https://serviceusage.googleapis.com/v1/projects/past-quest/services/runtimeconfig.googleapis.com [omitted]
[debug] [2022-12-11T00:01:21.094Z] <<< [apiv2][status] GET https://serviceusage.googleapis.com/v1/projects/past-quest/services/cloudfunctions.googleapis.com 200
[debug] [2022-12-11T00:01:21.094Z] <<< [apiv2][body] GET https://serviceusage.googleapis.com/v1/projects/past-quest/services/cloudfunctions.googleapis.com [omitted]
[debug] [2022-12-11T00:01:21.095Z] >>> [apiv2][query] POST https://serviceusage.googleapis.com/v1/projects/past-quest/services/cloudfunctions.googleapis.com:enable [none]
[debug] [2022-12-11T00:01:21.095Z] >>> [apiv2][(partial)header] POST https://serviceusage.googleapis.com/v1/projects/past-quest/services/cloudfunctions.googleapis.com:enable x-goog-quota-user=projects/past-quest
[debug] [2022-12-11T00:01:23.602Z] <<< [apiv2][status] POST https://serviceusage.googleapis.com/v1/projects/past-quest/services/cloudfunctions.googleapis.com:enable 200
[debug] [2022-12-11T00:01:23.602Z] <<< [apiv2][body] POST https://serviceusage.googleapis.com/v1/projects/past-quest/services/cloudfunctions.googleapis.com:enable [omitted]
[debug] [2022-12-11T00:01:33.613Z] >>> [apiv2][query] GET https://serviceusage.googleapis.com/v1/projects/past-quest/services/cloudfunctions.googleapis.com [none]
[debug] [2022-12-11T00:01:33.613Z] >>> [apiv2][(partial)header] GET https://serviceusage.googleapis.com/v1/projects/past-quest/services/cloudfunctions.googleapis.com x-goog-quota-user=projects/past-quest
[debug] [2022-12-11T00:01:35.259Z] <<< [apiv2][status] GET https://serviceusage.googleapis.com/v1/projects/past-quest/services/cloudfunctions.googleapis.com 200
[debug] [2022-12-11T00:01:35.259Z] <<< [apiv2][body] GET https://serviceusage.googleapis.com/v1/projects/past-quest/services/cloudfunctions.googleapis.com [omitted]
[info] Let's create a new codebase for your functions.
[info] A directory corresponding to the codebase will be created in your project
[info] with sample code pre-configured.

[info] See https://firebase.google.com/docs/functions/organize-functions for
[info] more information on organizing your functions using codebases.

[info] Functions can be deployed with firebase deploy.

[info] +  Wrote functions/package.json 
[info] +  Wrote functions/.eslintrc.js 
[info] +  Wrote functions/index.js 
[info] +  Wrote functions/.gitignore 
[info] 
